<testsuites name="jest tests" tests="4" failures="4" time="2.168">
  <testsuite name="undefined" errors="0" failures="4" skipped="0" timestamp="2022-03-17T14:18:41" time="2.168" tests="4">
    <testcase classname=" Initial articles render correctly" name=" Initial articles render correctly" time="0.07">
      <failure>Error: expect(received).toHaveLength(expected)

Expected length: 7
Received length: 0
Received array:  []
    at expectArticles (/projects/challenge/src/App.test.js:83:20)
    at Object.&lt;anonymous&gt;.test (/projects/challenge/src/App.test.js:97:3)
    at Object.asyncJestTest (/projects/challenge/node_modules/jest-jasmine2/build/jasmineAsyncInstall.js:102:37)
    at resolve (/projects/challenge/node_modules/jest-jasmine2/build/queueRunner.js:43:12)
    at new Promise (&lt;anonymous&gt;)
    at mapper (/projects/challenge/node_modules/jest-jasmine2/build/queueRunner.js:26:19)
    at promise.then (/projects/challenge/node_modules/jest-jasmine2/build/queueRunner.js:73:41)
    at &lt;anonymous&gt;
    at process._tickCallback (internal/process/next_tick.js:189:7)</failure>
    </testcase>
    <testcase classname=" Clicking on top renders expected articles" name=" Clicking on top renders expected articles" time="0.024">
      <failure>Error: expect(received).toHaveLength(expected)

Expected length: 7
Received length: 0
Received array:  []
    at expectArticles (/projects/challenge/src/App.test.js:83:20)
    at Object.&lt;anonymous&gt;.test (/projects/challenge/src/App.test.js:107:3)
    at Object.asyncJestTest (/projects/challenge/node_modules/jest-jasmine2/build/jasmineAsyncInstall.js:102:37)
    at resolve (/projects/challenge/node_modules/jest-jasmine2/build/queueRunner.js:43:12)
    at new Promise (&lt;anonymous&gt;)
    at mapper (/projects/challenge/node_modules/jest-jasmine2/build/queueRunner.js:26:19)
    at promise.then (/projects/challenge/node_modules/jest-jasmine2/build/queueRunner.js:73:41)
    at &lt;anonymous&gt;
    at process._tickCallback (internal/process/next_tick.js:189:7)</failure>
    </testcase>
    <testcase classname=" Clicking on newest renders expected articles" name=" Clicking on newest renders expected articles" time="0.016">
      <failure>Error: expect(received).toHaveLength(expected)

Expected length: 7
Received length: 0
Received array:  []
    at expectArticles (/projects/challenge/src/App.test.js:83:20)
    at Object.&lt;anonymous&gt;.test (/projects/challenge/src/App.test.js:117:3)
    at Object.asyncJestTest (/projects/challenge/node_modules/jest-jasmine2/build/jasmineAsyncInstall.js:102:37)
    at resolve (/projects/challenge/node_modules/jest-jasmine2/build/queueRunner.js:43:12)
    at new Promise (&lt;anonymous&gt;)
    at mapper (/projects/challenge/node_modules/jest-jasmine2/build/queueRunner.js:26:19)
    at promise.then (/projects/challenge/node_modules/jest-jasmine2/build/queueRunner.js:73:41)
    at &lt;anonymous&gt;
    at process._tickCallback (internal/process/next_tick.js:189:7)</failure>
    </testcase>
    <testcase classname=" Sequence of navigation clicks renders expected artices" name=" Sequence of navigation clicks renders expected artices" time="0.013">
      <failure>Error: expect(received).toHaveLength(expected)

Expected length: 7
Received length: 0
Received array:  []
    at expectArticles (/projects/challenge/src/App.test.js:83:20)
    at Object.&lt;anonymous&gt;.test (/projects/challenge/src/App.test.js:132:5)
    at Object.asyncJestTest (/projects/challenge/node_modules/jest-jasmine2/build/jasmineAsyncInstall.js:102:37)
    at resolve (/projects/challenge/node_modules/jest-jasmine2/build/queueRunner.js:43:12)
    at new Promise (&lt;anonymous&gt;)
    at mapper (/projects/challenge/node_modules/jest-jasmine2/build/queueRunner.js:26:19)
    at promise.then (/projects/challenge/node_modules/jest-jasmine2/build/queueRunner.js:73:41)
    at &lt;anonymous&gt;
    at process._tickCallback (internal/process/next_tick.js:189:7)</failure>
    </testcase>
  </testsuite>
</testsuites>